#
# There is insufficient memory for the Java Runtime Environment to continue.
# Native memory allocation (malloc) failed to allocate 1520832 bytes. Error detail: Chunk::new
# Possible reasons:
#   The system is out of physical RAM or swap space
#   This process is running with CompressedOops enabled, and the Java Heap may be blocking the growth of the native heap
# Possible solutions:
#   Reduce memory load on the system
#   Increase physical memory or swap space
#   Check if swap backing store is full
#   Decrease Java heap size (-Xmx/-Xms)
#   Decrease number of Java threads
#   Decrease Java thread stack sizes (-Xss)
#   Set larger code cache with -XX:ReservedCodeCacheSize=
#   JVM is running with Unscaled Compressed Oops mode in which the Java heap is
#     placed in the first 4GB address space. The Java Heap base address is the
#     maximum limit for the native heap growth. Please use -XX:HeapBaseMinAddress
#     to set the Java Heap base and to place the Java Heap above 4GB virtual address.
# This output file may be truncated or incomplete.
#
#  Out of Memory Error (arena.cpp:168), pid=31328, tid=10688
#
# JRE version: OpenJDK Runtime Environment Temurin-21.0.8+9 (21.0.8+9) (build 21.0.8+9-LTS)
# Java VM: OpenJDK 64-Bit Server VM Temurin-21.0.8+9 (21.0.8+9-LTS, mixed mode, sharing, tiered, compressed oops, compressed class ptrs, parallel gc, windows-amd64)
# No core dump will be written. Minidumps are not enabled by default on client versions of Windows
#

---------------  S U M M A R Y ------------

Command Line: --add-modules=ALL-SYSTEM --add-opens=java.base/java.util=ALL-UNNAMED --add-opens=java.base/java.lang=ALL-UNNAMED --add-opens=java.base/sun.nio.fs=ALL-UNNAMED -Declipse.application=org.eclipse.jdt.ls.core.id1 -Dosgi.bundles.defaultStartLevel=4 -Declipse.product=org.eclipse.jdt.ls.core.product -Djava.import.generatesMetadataFilesAtProjectRoot=false -DDetectVMInstallationsJob.disabled=true -Dfile.encoding=utf8 -XX:+UseParallelGC -XX:GCTimeRatio=4 -XX:AdaptiveSizePolicyWeight=90 -Dsun.zip.disableMemoryMapping=true -Xmx2G -Xms100m -Xlog:disable -javaagent:c:\Users\sowja\.vscode\extensions\redhat.java-1.45.0-win32-x64\lombok\lombok-1.18.39-4050.jar -XX:+HeapDumpOnOutOfMemoryError -XX:HeapDumpPath=c:\Users\sowja\AppData\Roaming\Code\User\workspaceStorage\2a18be379f830ded560256d7a067864d\redhat.java -Daether.dependencyCollector.impl=bf c:\Users\sowja\.vscode\extensions\redhat.java-1.45.0-win32-x64\server\plugins\org.eclipse.equinox.launcher_1.7.0.v20250519-0528.jar -configuration c:\Users\sowja\AppData\Roaming\Code\User\globalStorage\redhat.java\1.45.0\config_win -data c:\Users\sowja\AppData\Roaming\Code\User\workspaceStorage\2a18be379f830ded560256d7a067864d\redhat.java\jdt_ws --pipe=\\.\pipe\lsp-ecc4e336a128dbe718e065f8e8e2dd69-sock

Host: 12th Gen Intel(R) Core(TM) i5-1235U, 12 cores, 7G,  Windows 11 , 64 bit Build 26100 (10.0.26100.4768)
Time: Mon Sep 15 20:38:54 2025 Central Daylight Time elapsed time: 37533.084139 seconds (0d 10h 25m 33s)

---------------  T H R E A D  ---------------

Current thread (0x0000027447844470):  JavaThread "C2 CompilerThread0" daemon [_thread_in_native, id=10688, stack(0x000000f6a8300000,0x000000f6a8400000) (1024K)]


Current CompileTask:
C2:37533084 15963       4       org.eclipse.jdt.internal.compiler.lookup.BoundSet::incorporate (1297 bytes)

Stack: [0x000000f6a8300000,0x000000f6a8400000]
Native frames: (J=compiled Java code, j=interpreted, Vv=VM code, C=native code)
V  [jvm.dll+0x6d2449]
V  [jvm.dll+0x8ae341]
V  [jvm.dll+0x8b08be]
V  [jvm.dll+0x8b0fa3]
V  [jvm.dll+0x280c96]
V  [jvm.dll+0xc581d]
V  [jvm.dll+0xc5d53]
V  [jvm.dll+0x3b919c]
V  [jvm.dll+0x385315]
V  [jvm.dll+0x38477a]
V  [jvm.dll+0x248ed0]
V  [jvm.dll+0x2484af]
V  [jvm.dll+0x1c89ee]
V  [jvm.dll+0x257d4d]
V  [jvm.dll+0x2562ea]
V  [jvm.dll+0x3f2d16]
V  [jvm.dll+0x857e6b]
V  [jvm.dll+0x6d0b0d]
C  [ucrtbase.dll+0x37b0]
C  [KERNEL32.DLL+0x2e8d7]
C  [ntdll.dll+0x3c34c]


---------------  P R O C E S S  ---------------

Threads class SMR info:
_java_thread_list=0x0000027492a89a10, length=47, elements={
0x000002742eac4110, 0x00000274478393b0, 0x0000027430e6c370, 0x000002744783f640,
0x00000274478421a0, 0x0000027447842bf0, 0x0000027447843640, 0x0000027447844470,
0x000002744784b830, 0x0000027430e28410, 0x0000027489eec930, 0x000002748f6a4970,
0x000002748f6662a0, 0x000002748f7ba5c0, 0x000002748f7bac20, 0x000002748fcd6250,
0x000002748f3fd070, 0x0000027489c054b0, 0x0000027489c02d50, 0x0000027489c061d0,
0x000002748fb13eb0, 0x000002748fb13190, 0x000002748fb10a30, 0x000002748fb14540,
0x000002748fb14bd0, 0x000002748fb11750, 0x000002748fb15260, 0x000002748fb15f80,
0x000002748fb158f0, 0x000002748fb12b00, 0x000002748fb16ca0, 0x000002748fb17330,
0x000002748fb16610, 0x000002748fb179c0, 0x000002748fb18050, 0x0000027491c04350,
0x0000027491c08b80, 0x0000027489c60920, 0x0000027489c63080, 0x0000027491c077d0,
0x0000027489c5f570, 0x0000027489c5c0f0, 0x0000027489c5c780, 0x0000027489c5e850,
0x0000027489c5fc00, 0x0000027489c60290, 0x0000027489c5db30
}

Java Threads: ( => current thread )
  0x000002742eac4110 JavaThread "main"                              [_thread_blocked, id=18344, stack(0x000000f6a7900000,0x000000f6a7a00000) (1024K)]
  0x00000274478393b0 JavaThread "Reference Handler"          daemon [_thread_blocked, id=21676, stack(0x000000f6a7d00000,0x000000f6a7e00000) (1024K)]
  0x0000027430e6c370 JavaThread "Finalizer"                  daemon [_thread_blocked, id=34096, stack(0x000000f6a7e00000,0x000000f6a7f00000) (1024K)]
  0x000002744783f640 JavaThread "Signal Dispatcher"          daemon [_thread_blocked, id=30052, stack(0x000000f6a7f00000,0x000000f6a8000000) (1024K)]
  0x00000274478421a0 JavaThread "Attach Listener"            daemon [_thread_blocked, id=49688, stack(0x000000f6a8000000,0x000000f6a8100000) (1024K)]
  0x0000027447842bf0 JavaThread "Service Thread"             daemon [_thread_blocked, id=30120, stack(0x000000f6a8100000,0x000000f6a8200000) (1024K)]
  0x0000027447843640 JavaThread "Monitor Deflation Thread"   daemon [_thread_blocked, id=15704, stack(0x000000f6a8200000,0x000000f6a8300000) (1024K)]
=>0x0000027447844470 JavaThread "C2 CompilerThread0"         daemon [_thread_in_native, id=10688, stack(0x000000f6a8300000,0x000000f6a8400000) (1024K)]
  0x000002744784b830 JavaThread "C1 CompilerThread0"         daemon [_thread_blocked, id=38916, stack(0x000000f6a8400000,0x000000f6a8500000) (1024K)]
  0x0000027430e28410 JavaThread "Common-Cleaner"             daemon [_thread_blocked, id=29196, stack(0x000000f6a8500000,0x000000f6a8600000) (1024K)]
  0x0000027489eec930 JavaThread "Notification Thread"        daemon [_thread_blocked, id=39276, stack(0x000000f6a8600000,0x000000f6a8700000) (1024K)]
  0x000002748f6a4970 JavaThread "Active Thread: Equinox Container: dce6320c-3274-4bc3-94e3-5b630fb82cdf"        [_thread_blocked, id=27852, stack(0x000000f6a8700000,0x000000f6a8800000) (1024K)]
  0x000002748f6662a0 JavaThread "Refresh Thread: Equinox Container: dce6320c-3274-4bc3-94e3-5b630fb82cdf" daemon [_thread_blocked, id=25156, stack(0x000000f6a8f00000,0x000000f6a9000000) (1024K)]
  0x000002748f7ba5c0 JavaThread "Framework Event Dispatcher: Equinox Container: dce6320c-3274-4bc3-94e3-5b630fb82cdf" daemon [_thread_blocked, id=19972, stack(0x000000f6a9000000,0x000000f6a9100000) (1024K)]
  0x000002748f7bac20 JavaThread "Start Level: Equinox Container: dce6320c-3274-4bc3-94e3-5b630fb82cdf" daemon [_thread_blocked, id=26692, stack(0x000000f6a9100000,0x000000f6a9200000) (1024K)]
  0x000002748fcd6250 JavaThread "Bundle File Closer"         daemon [_thread_blocked, id=27812, stack(0x000000f6a9500000,0x000000f6a9600000) (1024K)]
  0x000002748f3fd070 JavaThread "SCR Component Actor"        daemon [_thread_blocked, id=17280, stack(0x000000f6a7800000,0x000000f6a7900000) (1024K)]
  0x0000027489c054b0 JavaThread "Worker-JM"                         [_thread_blocked, id=41256, stack(0x000000f6a9700000,0x000000f6a9800000) (1024K)]
  0x0000027489c02d50 JavaThread "JNA Cleaner"                daemon [_thread_blocked, id=49164, stack(0x000000f6a9600000,0x000000f6a9700000) (1024K)]
  0x0000027489c061d0 JavaThread "Java indexing"              daemon [_thread_blocked, id=28700, stack(0x000000f6a9b00000,0x000000f6a9c00000) (1024K)]
  0x000002748fb13eb0 JavaThread "Thread-2"                   daemon [_thread_in_native, id=27352, stack(0x000000f6aa200000,0x000000f6aa300000) (1024K)]
  0x000002748fb13190 JavaThread "Thread-3"                   daemon [_thread_in_native, id=13056, stack(0x000000f6aa300000,0x000000f6aa400000) (1024K)]
  0x000002748fb10a30 JavaThread "Thread-4"                   daemon [_thread_in_native, id=49264, stack(0x000000f6aa400000,0x000000f6aa500000) (1024K)]
  0x000002748fb14540 JavaThread "Thread-5"                   daemon [_thread_in_native, id=41956, stack(0x000000f6aa500000,0x000000f6aa600000) (1024K)]
  0x000002748fb14bd0 JavaThread "Thread-6"                   daemon [_thread_in_native, id=11736, stack(0x000000f6aa600000,0x000000f6aa700000) (1024K)]
  0x000002748fb11750 JavaThread "Thread-7"                   daemon [_thread_in_native, id=4736, stack(0x000000f6aa700000,0x000000f6aa800000) (1024K)]
  0x000002748fb15260 JavaThread "Thread-8"                   daemon [_thread_in_native, id=52300, stack(0x000000f6aa800000,0x000000f6aa900000) (1024K)]
  0x000002748fb15f80 JavaThread "Thread-9"                   daemon [_thread_in_native, id=42460, stack(0x000000f6aa900000,0x000000f6aaa00000) (1024K)]
  0x000002748fb158f0 JavaThread "Thread-10"                  daemon [_thread_in_native, id=49740, stack(0x000000f6aaa00000,0x000000f6aab00000) (1024K)]
  0x000002748fb12b00 JavaThread "Thread-11"                  daemon [_thread_in_native, id=4084, stack(0x000000f6aab00000,0x000000f6aac00000) (1024K)]
  0x000002748fb16ca0 JavaThread "Thread-12"                  daemon [_thread_in_native, id=49356, stack(0x000000f6aac00000,0x000000f6aad00000) (1024K)]
  0x000002748fb17330 JavaThread "Thread-13"                  daemon [_thread_in_native, id=53136, stack(0x000000f6aad00000,0x000000f6aae00000) (1024K)]
  0x000002748fb16610 JavaThread "Thread-14"                  daemon [_thread_in_native, id=23348, stack(0x000000f6aae00000,0x000000f6aaf00000) (1024K)]
  0x000002748fb179c0 JavaThread "pool-2-thread-1"                   [_thread_blocked, id=45204, stack(0x000000f6aaf00000,0x000000f6ab000000) (1024K)]
  0x000002748fb18050 JavaThread "WorkspaceEventsHandler"            [_thread_blocked, id=20100, stack(0x000000f6ab000000,0x000000f6ab100000) (1024K)]
  0x0000027491c04350 JavaThread "pool-1-thread-1"                   [_thread_blocked, id=53168, stack(0x000000f6ab100000,0x000000f6ab200000) (1024K)]
  0x0000027491c08b80 JavaThread "pool-3-thread-1"                   [_thread_blocked, id=51216, stack(0x000000f6ab300000,0x000000f6ab400000) (1024K)]
  0x0000027489c60920 JavaThread "Worker-8"                          [_thread_blocked, id=3460, stack(0x000000f6a9800000,0x000000f6a9900000) (1024K)]
  0x0000027489c63080 JavaThread "Cleaner-0"                  daemon [_thread_blocked, id=21236, stack(0x000000f6ab500000,0x000000f6ab600000) (1024K)]
  0x0000027491c077d0 JavaThread "Worker-15"                         [_thread_blocked, id=50956, stack(0x000000f6a7600000,0x000000f6a7700000) (1024K)]
  0x0000027489c5f570 JavaThread "ForkJoinPool.commonPool-worker-36" daemon [_thread_blocked, id=25352, stack(0x000000f6a7700000,0x000000f6a7800000) (1024K)]
  0x0000027489c5c0f0 JavaThread "ForkJoinPool.commonPool-worker-37" daemon [_thread_blocked, id=29036, stack(0x000000f6a9200000,0x000000f6a9300000) (1024K)]
  0x0000027489c5c780 JavaThread "ForkJoinPool.commonPool-worker-38" daemon [_thread_blocked, id=48552, stack(0x000000f6a9900000,0x000000f6a9a00000) (1024K)]
  0x0000027489c5e850 JavaThread "ForkJoinPool.commonPool-worker-39" daemon [_thread_blocked, id=14236, stack(0x000000f6a9a00000,0x000000f6a9b00000) (1024K)]
  0x0000027489c5fc00 JavaThread "ForkJoinPool.commonPool-worker-40" daemon [_thread_blocked, id=47196, stack(0x000000f6a9c00000,0x000000f6a9d00000) (1024K)]
  0x0000027489c60290 JavaThread "ForkJoinPool.commonPool-worker-41" daemon [_thread_blocked, id=12756, stack(0x000000f6a9d00000,0x000000f6a9e00000) (1024K)]
  0x0000027489c5db30 JavaThread "ForkJoinPool.commonPool-worker-42" daemon [_thread_blocked, id=27860, stack(0x000000f6a9e00000,0x000000f6a9f00000) (1024K)]
Total: 47

Other Threads:
  0x0000027430e57200 VMThread "VM Thread"                           [id=30228, stack(0x000000f6a7c00000,0x000000f6a7d00000) (1024K)]
  0x000002744772ca00 WatcherThread "VM Periodic Task Thread"        [id=14808, stack(0x000000f6a7b00000,0x000000f6a7c00000) (1024K)]
  0x0000027430ddb680 WorkerThread "GC Thread#0"                     [id=28056, stack(0x000000f6a7a00000,0x000000f6a7b00000) (1024K)]
  0x000002748f0c90c0 WorkerThread "GC Thread#1"                     [id=29720, stack(0x000000f6a8800000,0x000000f6a8900000) (1024K)]
  0x000002748f0dac10 WorkerThread "GC Thread#2"                     [id=33316, stack(0x000000f6a8900000,0x000000f6a8a00000) (1024K)]
  0x000002748f3eb940 WorkerThread "GC Thread#3"                     [id=21260, stack(0x000000f6a8a00000,0x000000f6a8b00000) (1024K)]
  0x000002748f086f60 WorkerThread "GC Thread#4"                     [id=32696, stack(0x000000f6a8b00000,0x000000f6a8c00000) (1024K)]
  0x000002748f087300 WorkerThread "GC Thread#5"                     [id=34548, stack(0x000000f6a8c00000,0x000000f6a8d00000) (1024K)]
  0x000002748f42e2d0 WorkerThread "GC Thread#6"                     [id=33348, stack(0x000000f6a8d00000,0x000000f6a8e00000) (1024K)]
  0x000002748f6a1490 WorkerThread "GC Thread#7"                     [id=49388, stack(0x000000f6a8e00000,0x000000f6a8f00000) (1024K)]
  0x000002748f592810 WorkerThread "GC Thread#8"                     [id=51304, stack(0x000000f6a9300000,0x000000f6a9400000) (1024K)]
  0x000002748f488860 WorkerThread "GC Thread#9"                     [id=36256, stack(0x000000f6a9400000,0x000000f6a9500000) (1024K)]
Total: 12

Threads with active compile tasks:
C2 CompilerThread0  37533231 15963       4       org.eclipse.jdt.internal.compiler.lookup.BoundSet::incorporate (1297 bytes)
Total: 1

VM state: not at safepoint (normal execution)

VM Mutex/Monitor currently owned by a thread: None

Heap address: 0x0000000080000000, size: 2048 MB, Compressed Oops mode: 32-bit

CDS archive(s) mapped at: [0x0000027448000000-0x0000027448ba0000-0x0000027448ba0000), size 12189696, SharedBaseAddress: 0x0000027448000000, ArchiveRelocationMode: 1.
Compressed class space mapped at: 0x0000027449000000-0x0000027489000000, reserved size: 1073741824
Narrow klass base: 0x0000027448000000, Narrow klass shift: 0, Narrow klass range: 0x100000000

GC Precious Log:
 CardTable entry size: 512
 CPUs: 12 total, 12 available
 Memory: 7876M
 Large Page Support: Disabled
 NUMA Support: Disabled
 Compressed Oops: Enabled (32-bit)
 Alignments: Space 512K, Generation 512K, Heap 2M
 Heap Min Capacity: 100M
 Heap Initial Capacity: 100M
 Heap Max Capacity: 2G
 Pre-touch: Disabled
 Parallel Workers: 10

Heap:
 PSYoungGen      total 4608K, used 4188K [0x00000000d5580000, 0x00000000d5f00000, 0x0000000100000000)
  eden space 3072K, 95% used [0x00000000d5580000,0x00000000d585a078,0x00000000d5880000)
  from space 1536K, 82% used [0x00000000d5d80000,0x00000000d5ebd200,0x00000000d5f00000)
  to   space 2560K, 0% used [0x00000000d5a00000,0x00000000d5a00000,0x00000000d5c80000)
 ParOldGen       total 327680K, used 327619K [0x0000000080000000, 0x0000000094000000, 0x00000000d5580000)
  object space 327680K, 99% used [0x0000000080000000,0x0000000093ff0d98,0x0000000094000000)
 Metaspace       used 78913K, committed 80192K, reserved 1179648K
  class space    used 8243K, committed 8832K, reserved 1048576K

Card table byte_map: [0x0000027430750000,0x0000027430b60000] _byte_map_base: 0x0000027430350000

Marking Bits: (ParMarkBitMap*) 0x00007ffc0749a340
 Begin Bits: [0x0000027443250000, 0x0000027445250000)
 End Bits:   [0x0000027445250000, 0x0000027447250000)

Polling page: 0x000002742ebe0000

Metaspace:

Usage:
  Non-class:     69.01 MB used.
      Class:      8.05 MB used.
       Both:     77.06 MB used.

Virtual space:
  Non-class space:      128.00 MB reserved,      69.69 MB ( 54%) committed,  2 nodes.
      Class space:        1.00 GB reserved,       8.62 MB ( <1%) committed,  1 nodes.
             Both:        1.12 GB reserved,      78.31 MB (  7%) committed. 

Chunk freelists:
   Non-Class:  10.23 MB
       Class:  7.41 MB
        Both:  17.64 MB

MaxMetaspaceSize: unlimited
CompressedClassSpaceSize: 1.00 GB
Initial GC threshold: 21.00 MB
Current GC threshold: 119.62 MB
CDS: on
 - commit_granule_bytes: 65536.
 - commit_granule_words: 8192.
 - virtual_space_node_default_size: 8388608.
 - enlarge_chunks_in_place: 1.
 - use_allocation_guard: 0.


Internal statistics:

num_allocs_failed_limit: 9.
num_arena_births: 1392.
num_arena_deaths: 340.
num_vsnodes_births: 3.
num_vsnodes_deaths: 0.
num_space_committed: 1253.
num_space_uncommitted: 0.
num_chunks_returned_to_freelist: 389.
num_chunks_taken_from_freelist: 5166.
num_chunk_merges: 93.
num_chunk_splits: 3023.
num_chunks_enlarged: 1782.
num_inconsistent_stats: 0.

CodeHeap 'non-profiled nmethods': size=120000Kb used=13504Kb max_used=13504Kb free=106495Kb
 bounds [0x000002743ba70000, 0x000002743c7b0000, 0x0000027442fa0000]
CodeHeap 'profiled nmethods': size=120000Kb used=33412Kb max_used=33412Kb free=86587Kb
 bounds [0x0000027433fa0000, 0x0000027436050000, 0x000002743b4d0000]
CodeHeap 'non-nmethods': size=5760Kb used=1515Kb max_used=1573Kb free=4245Kb
 bounds [0x000002743b4d0000, 0x000002743b740000, 0x000002743ba70000]
CodeCache: size=245760Kb, used=48431Kb, max_used=48489Kb, free=197327Kb
 total_blobs=14019, nmethods=13183, adapters=738, full_count=0
Compilation: enabled, stopped_count=0, restarted_count=0

Compilation events (20 events):
Event: 37530.036 Thread 0x000002744784b830 15962       3       java.util.TimSort::minRunLength (43 bytes)
Event: 37530.037 Thread 0x000002744784b830 nmethod 15962 0x000002743603ec90 code [0x000002743603ee40, 0x000002743603efe8]
Event: 37530.037 Thread 0x000002744784b830 15960       3       org.eclipse.jdt.internal.compiler.lookup.CompilationUnitScope::collateRecordComponents (35 bytes)
Event: 37530.041 Thread 0x000002744784b830 nmethod 15960 0x000002743603f090 code [0x000002743603f240, 0x000002743603f478]
Event: 37530.041 Thread 0x000002744784b830 15961       3       org.eclipse.jdt.internal.compiler.lookup.CompilationUnitScope::buildFieldsAndMethods (35 bytes)
Event: 37530.041 Thread 0x000002744784b830 nmethod 15961 0x000002743603f610 code [0x000002743603f7c0, 0x000002743603f9f8]
Event: 37530.079 Thread 0x000002744784b830 15968       3       org.eclipse.jface.text.GapTextStore::getLength (11 bytes)
Event: 37530.084 Thread 0x000002744784b830 nmethod 15968 0x000002743603fb90 code [0x000002743603fd40, 0x000002743603feb8]
Event: 37530.130 Thread 0x000002744784b830 15969       3       org.eclipse.jdt.internal.corext.dom.GenericVisitor::visit (6 bytes)
Event: 37530.134 Thread 0x000002744784b830 nmethod 15969 0x000002743603ff90 code [0x0000027436040140, 0x0000027436040308]
Event: 37530.134 Thread 0x000002744784b830 15970       3       org.eclipse.jdt.internal.corext.dom.GenericVisitor::endVisit (6 bytes)
Event: 37530.138 Thread 0x000002744784b830 nmethod 15970 0x0000027436040390 code [0x0000027436040540, 0x0000027436040720]
Event: 37530.138 Thread 0x000002744784b830 15971       3       org.eclipse.jdt.internal.corext.dom.GenericVisitor::visit (6 bytes)
Event: 37530.176 Thread 0x0000027447844470 nmethod 15957 0x000002743c79d290 code [0x000002743c79d5c0, 0x000002743c79efc8]
Event: 37530.179 Thread 0x000002744784b830 nmethod 15971 0x0000027436040810 code [0x00000274360409c0, 0x0000027436040b88]
Event: 37530.179 Thread 0x0000027447844470 15963       4       org.eclipse.jdt.internal.compiler.lookup.BoundSet::incorporate (1297 bytes)
Event: 37530.179 Thread 0x000002744784b830 15973       3       org.eclipse.jdt.core.dom.ASTVisitor::endVisit (1 bytes)
Event: 37530.184 Thread 0x000002744784b830 nmethod 15973 0x000002743519c990 code [0x000002743519cb20, 0x000002743519cc28]
Event: 37530.184 Thread 0x000002744784b830 15972       3       org.eclipse.jdt.internal.corext.dom.GenericVisitor::endVisit (6 bytes)
Event: 37530.187 Thread 0x000002744784b830 nmethod 15972 0x0000027436040c10 code [0x0000027436040dc0, 0x0000027436040fa0]

GC Heap History (20 events):
Event: 17811.479 GC heap before
{Heap before GC invocations=988 (full 4):
 PSYoungGen      total 2560K, used 2272K [0x00000000d5580000, 0x00000000d5900000, 0x0000000100000000)
  eden space 2048K, 100% used [0x00000000d5580000,0x00000000d5780000,0x00000000d5780000)
  from space 512K, 43% used [0x00000000d5880000,0x00000000d58b8000,0x00000000d5900000)
  to   space 512K, 0% used [0x00000000d5800000,0x00000000d5800000,0x00000000d5880000)
 ParOldGen       total 318464K, used 318436K [0x0000000080000000, 0x0000000093700000, 0x00000000d5580000)
  object space 318464K, 99% used [0x0000000080000000,0x00000000936f9358,0x0000000093700000)
 Metaspace       used 78892K, committed 80192K, reserved 1179648K
  class space    used 8243K, committed 8832K, reserved 1048576K
}
Event: 17811.488 GC heap after
{Heap after GC invocations=988 (full 4):
 PSYoungGen      total 2560K, used 500K [0x00000000d5580000, 0x00000000d5980000, 0x0000000100000000)
  eden space 2048K, 0% used [0x00000000d5580000,0x00000000d5580000,0x00000000d5780000)
  from space 512K, 97% used [0x00000000d5800000,0x00000000d587d200,0x00000000d5880000)
  to   space 1024K, 0% used [0x00000000d5880000,0x00000000d5880000,0x00000000d5980000)
 ParOldGen       total 318976K, used 318500K [0x0000000080000000, 0x0000000093780000, 0x00000000d5580000)
  object space 318976K, 99% used [0x0000000080000000,0x0000000093709368,0x0000000093780000)
 Metaspace       used 78892K, committed 80192K, reserved 1179648K
  class space    used 8243K, committed 8832K, reserved 1048576K
}
Event: 37527.432 GC heap before
{Heap before GC invocations=989 (full 4):
 PSYoungGen      total 2560K, used 2548K [0x00000000d5580000, 0x00000000d5980000, 0x0000000100000000)
  eden space 2048K, 100% used [0x00000000d5580000,0x00000000d5780000,0x00000000d5780000)
  from space 512K, 97% used [0x00000000d5800000,0x00000000d587d200,0x00000000d5880000)
  to   space 1024K, 0% used [0x00000000d5880000,0x00000000d5880000,0x00000000d5980000)
 ParOldGen       total 318976K, used 318500K [0x0000000080000000, 0x0000000093780000, 0x00000000d5580000)
  object space 318976K, 99% used [0x0000000080000000,0x0000000093709368,0x0000000093780000)
 Metaspace       used 78902K, committed 80192K, reserved 1179648K
  class space    used 8243K, committed 8832K, reserved 1048576K
}
Event: 37527.688 GC heap after
{Heap after GC invocations=989 (full 4):
 PSYoungGen      total 2560K, used 448K [0x00000000d5580000, 0x00000000d5900000, 0x0000000100000000)
  eden space 2048K, 0% used [0x00000000d5580000,0x00000000d5580000,0x00000000d5780000)
  from space 512K, 87% used [0x00000000d5880000,0x00000000d58f0000,0x00000000d5900000)
  to   space 512K, 0% used [0x00000000d5800000,0x00000000d5800000,0x00000000d5880000)
 ParOldGen       total 318976K, used 318889K [0x0000000080000000, 0x0000000093780000, 0x00000000d5580000)
  object space 318976K, 99% used [0x0000000080000000,0x000000009376a568,0x0000000093780000)
 Metaspace       used 78902K, committed 80192K, reserved 1179648K
  class space    used 8243K, committed 8832K, reserved 1048576K
}
Event: 37528.452 GC heap before
{Heap before GC invocations=990 (full 4):
 PSYoungGen      total 2560K, used 2496K [0x00000000d5580000, 0x00000000d5900000, 0x0000000100000000)
  eden space 2048K, 100% used [0x00000000d5580000,0x00000000d5780000,0x00000000d5780000)
  from space 512K, 87% used [0x00000000d5880000,0x00000000d58f0000,0x00000000d5900000)
  to   space 512K, 0% used [0x00000000d5800000,0x00000000d5800000,0x00000000d5880000)
 ParOldGen       total 318976K, used 318889K [0x0000000080000000, 0x0000000093780000, 0x00000000d5580000)
  object space 318976K, 99% used [0x0000000080000000,0x000000009376a568,0x0000000093780000)
 Metaspace       used 78904K, committed 80192K, reserved 1179648K
  class space    used 8243K, committed 8832K, reserved 1048576K
}
Event: 37528.464 GC heap after
{Heap after GC invocations=990 (full 4):
 PSYoungGen      total 2560K, used 448K [0x00000000d5580000, 0x00000000d5900000, 0x0000000100000000)
  eden space 2048K, 0% used [0x00000000d5580000,0x00000000d5580000,0x00000000d5780000)
  from space 512K, 87% used [0x00000000d5800000,0x00000000d5870040,0x00000000d5880000)
  to   space 512K, 0% used [0x00000000d5880000,0x00000000d5880000,0x00000000d5900000)
 ParOldGen       total 319488K, used 319217K [0x0000000080000000, 0x0000000093800000, 0x00000000d5580000)
  object space 319488K, 99% used [0x0000000080000000,0x00000000937bc568,0x0000000093800000)
 Metaspace       used 78904K, committed 80192K, reserved 1179648K
  class space    used 8243K, committed 8832K, reserved 1048576K
}
Event: 37528.774 GC heap before
{Heap before GC invocations=991 (full 4):
 PSYoungGen      total 2560K, used 2496K [0x00000000d5580000, 0x00000000d5900000, 0x0000000100000000)
  eden space 2048K, 100% used [0x00000000d5580000,0x00000000d5780000,0x00000000d5780000)
  from space 512K, 87% used [0x00000000d5800000,0x00000000d5870040,0x00000000d5880000)
  to   space 512K, 0% used [0x00000000d5880000,0x00000000d5880000,0x00000000d5900000)
 ParOldGen       total 319488K, used 319217K [0x0000000080000000, 0x0000000093800000, 0x00000000d5580000)
  object space 319488K, 99% used [0x0000000080000000,0x00000000937bc568,0x0000000093800000)
 Metaspace       used 78904K, committed 80192K, reserved 1179648K
  class space    used 8243K, committed 8832K, reserved 1048576K
}
Event: 37528.782 GC heap after
{Heap after GC invocations=991 (full 4):
 PSYoungGen      total 2560K, used 506K [0x00000000d5580000, 0x00000000d5980000, 0x0000000100000000)
  eden space 2048K, 0% used [0x00000000d5580000,0x00000000d5580000,0x00000000d5780000)
  from space 512K, 98% used [0x00000000d5880000,0x00000000d58fe900,0x00000000d5900000)
  to   space 1024K, 0% used [0x00000000d5780000,0x00000000d5780000,0x00000000d5880000)
 ParOldGen       total 319488K, used 319417K [0x0000000080000000, 0x0000000093800000, 0x00000000d5580000)
  object space 319488K, 99% used [0x0000000080000000,0x00000000937ee598,0x0000000093800000)
 Metaspace       used 78904K, committed 80192K, reserved 1179648K
  class space    used 8243K, committed 8832K, reserved 1048576K
}
Event: 37529.346 GC heap before
{Heap before GC invocations=992 (full 4):
 PSYoungGen      total 2560K, used 2554K [0x00000000d5580000, 0x00000000d5980000, 0x0000000100000000)
  eden space 2048K, 100% used [0x00000000d5580000,0x00000000d5780000,0x00000000d5780000)
  from space 512K, 98% used [0x00000000d5880000,0x00000000d58fe900,0x00000000d5900000)
  to   space 1024K, 0% used [0x00000000d5780000,0x00000000d5780000,0x00000000d5880000)
 ParOldGen       total 319488K, used 319417K [0x0000000080000000, 0x0000000093800000, 0x00000000d5580000)
  object space 319488K, 99% used [0x0000000080000000,0x00000000937ee598,0x0000000093800000)
 Metaspace       used 78908K, committed 80192K, reserved 1179648K
  class space    used 8243K, committed 8832K, reserved 1048576K
}
Event: 37529.368 GC heap after
{Heap after GC invocations=992 (full 4):
 PSYoungGen      total 3072K, used 736K [0x00000000d5580000, 0x00000000d5980000, 0x0000000100000000)
  eden space 2048K, 0% used [0x00000000d5580000,0x00000000d5580000,0x00000000d5780000)
  from space 1024K, 71% used [0x00000000d5780000,0x00000000d5838020,0x00000000d5880000)
  to   space 1024K, 0% used [0x00000000d5880000,0x00000000d5880000,0x00000000d5980000)
 ParOldGen       total 320000K, used 319749K [0x0000000080000000, 0x0000000093880000, 0x00000000d5580000)
  object space 320000K, 99% used [0x0000000080000000,0x0000000093841798,0x0000000093880000)
 Metaspace       used 78908K, committed 80192K, reserved 1179648K
  class space    used 8243K, committed 8832K, reserved 1048576K
}
Event: 37529.649 GC heap before
{Heap before GC invocations=993 (full 4):
 PSYoungGen      total 3072K, used 2651K [0x00000000d5580000, 0x00000000d5980000, 0x0000000100000000)
  eden space 2048K, 93% used [0x00000000d5580000,0x00000000d575ecd0,0x00000000d5780000)
  from space 1024K, 71% used [0x00000000d5780000,0x00000000d5838020,0x00000000d5880000)
  to   space 1024K, 0% used [0x00000000d5880000,0x00000000d5880000,0x00000000d5980000)
 ParOldGen       total 320000K, used 319749K [0x0000000080000000, 0x0000000093880000, 0x00000000d5580000)
  object space 320000K, 99% used [0x0000000080000000,0x0000000093841798,0x0000000093880000)
 Metaspace       used 78908K, committed 80192K, reserved 1179648K
  class space    used 8243K, committed 8832K, reserved 1048576K
}
Event: 37529.658 GC heap after
{Heap after GC invocations=993 (full 4):
 PSYoungGen      total 3072K, used 769K [0x00000000d5580000, 0x00000000d5980000, 0x0000000100000000)
  eden space 2048K, 0% used [0x00000000d5580000,0x00000000d5580000,0x00000000d5780000)
  from space 1024K, 75% used [0x00000000d5880000,0x00000000d59405e0,0x00000000d5980000)
  to   space 1024K, 0% used [0x00000000d5780000,0x00000000d5780000,0x00000000d5880000)
 ParOldGen       total 320512K, used 320293K [0x0000000080000000, 0x0000000093900000, 0x00000000d5580000)
  object space 320512K, 99% used [0x0000000080000000,0x00000000938c97d8,0x0000000093900000)
 Metaspace       used 78908K, committed 80192K, reserved 1179648K
  class space    used 8243K, committed 8832K, reserved 1048576K
}
Event: 37529.667 GC heap before
{Heap before GC invocations=994 (full 4):
 PSYoungGen      total 3072K, used 2817K [0x00000000d5580000, 0x00000000d5980000, 0x0000000100000000)
  eden space 2048K, 100% used [0x00000000d5580000,0x00000000d5780000,0x00000000d5780000)
  from space 1024K, 75% used [0x00000000d5880000,0x00000000d59405e0,0x00000000d5980000)
  to   space 1024K, 0% used [0x00000000d5780000,0x00000000d5780000,0x00000000d5880000)
 ParOldGen       total 320512K, used 320293K [0x0000000080000000, 0x0000000093900000, 0x00000000d5580000)
  object space 320512K, 99% used [0x0000000080000000,0x00000000938c97d8,0x0000000093900000)
 Metaspace       used 78908K, committed 80192K, reserved 1179648K
  class space    used 8243K, committed 8832K, reserved 1048576K
}
Event: 37529.674 GC heap after
{Heap after GC invocations=994 (full 4):
 PSYoungGen      total 3072K, used 999K [0x00000000d5580000, 0x00000000d5d80000, 0x0000000100000000)
  eden space 2048K, 0% used [0x00000000d5580000,0x00000000d5580000,0x00000000d5780000)
  from space 1024K, 97% used [0x00000000d5780000,0x00000000d5879ce0,0x00000000d5880000)
  to   space 3072K, 0% used [0x00000000d5a80000,0x00000000d5a80000,0x00000000d5d80000)
 ParOldGen       total 322048K, used 321924K [0x0000000080000000, 0x0000000093a80000, 0x00000000d5580000)
  object space 322048K, 99% used [0x0000000080000000,0x0000000093a610b8,0x0000000093a80000)
 Metaspace       used 78908K, committed 80192K, reserved 1179648K
  class space    used 8243K, committed 8832K, reserved 1048576K
}
Event: 37529.683 GC heap before
{Heap before GC invocations=995 (full 4):
 PSYoungGen      total 3072K, used 3047K [0x00000000d5580000, 0x00000000d5d80000, 0x0000000100000000)
  eden space 2048K, 100% used [0x00000000d5580000,0x00000000d5780000,0x00000000d5780000)
  from space 1024K, 97% used [0x00000000d5780000,0x00000000d5879ce0,0x00000000d5880000)
  to   space 3072K, 0% used [0x00000000d5a80000,0x00000000d5a80000,0x00000000d5d80000)
 ParOldGen       total 322048K, used 321924K [0x0000000080000000, 0x0000000093a80000, 0x00000000d5580000)
  object space 322048K, 99% used [0x0000000080000000,0x0000000093a610b8,0x0000000093a80000)
 Metaspace       used 78908K, committed 80192K, reserved 1179648K
  class space    used 8243K, committed 8832K, reserved 1048576K
}
Event: 37529.689 GC heap after
{Heap after GC invocations=995 (full 4):
 PSYoungGen      total 5120K, used 2176K [0x00000000d5580000, 0x00000000d5d00000, 0x0000000100000000)
  eden space 2560K, 0% used [0x00000000d5580000,0x00000000d5580000,0x00000000d5800000)
  from space 2560K, 85% used [0x00000000d5a80000,0x00000000d5ca0000,0x00000000d5d00000)
  to   space 2560K, 0% used [0x00000000d5800000,0x00000000d5800000,0x00000000d5a80000)
 ParOldGen       total 323072K, used 322979K [0x0000000080000000, 0x0000000093b80000, 0x00000000d5580000)
  object space 323072K, 99% used [0x0000000080000000,0x0000000093b68d98,0x0000000093b80000)
 Metaspace       used 78908K, committed 80192K, reserved 1179648K
  class space    used 8243K, committed 8832K, reserved 1048576K
}
Event: 37529.702 GC heap before
{Heap before GC invocations=996 (full 4):
 PSYoungGen      total 5120K, used 4736K [0x00000000d5580000, 0x00000000d5d00000, 0x0000000100000000)
  eden space 2560K, 100% used [0x00000000d5580000,0x00000000d5800000,0x00000000d5800000)
  from space 2560K, 85% used [0x00000000d5a80000,0x00000000d5ca0000,0x00000000d5d00000)
  to   space 2560K, 0% used [0x00000000d5800000,0x00000000d5800000,0x00000000d5a80000)
 ParOldGen       total 323072K, used 322979K [0x0000000080000000, 0x0000000093b80000, 0x00000000d5580000)
  object space 323072K, 99% used [0x0000000080000000,0x0000000093b68d98,0x0000000093b80000)
 Metaspace       used 78908K, committed 80192K, reserved 1179648K
  class space    used 8243K, committed 8832K, reserved 1048576K
}
Event: 37529.712 GC heap after
{Heap after GC invocations=996 (full 4):
 PSYoungGen      total 5120K, used 2560K [0x00000000d5580000, 0x00000000d6280000, 0x0000000100000000)
  eden space 2560K, 0% used [0x00000000d5580000,0x00000000d5580000,0x00000000d5800000)
  from space 2560K, 100% used [0x00000000d5800000,0x00000000d5a80000,0x00000000d5a80000)
  to   space 5120K, 0% used [0x00000000d5d80000,0x00000000d5d80000,0x00000000d6280000)
 ParOldGen       total 325120K, used 325083K [0x0000000080000000, 0x0000000093d80000, 0x00000000d5580000)
  object space 325120K, 99% used [0x0000000080000000,0x0000000093d76d98,0x0000000093d80000)
 Metaspace       used 78908K, committed 80192K, reserved 1179648K
  class space    used 8243K, committed 8832K, reserved 1048576K
}
Event: 37529.834 GC heap before
{Heap before GC invocations=997 (full 4):
 PSYoungGen      total 5120K, used 5120K [0x00000000d5580000, 0x00000000d6280000, 0x0000000100000000)
  eden space 2560K, 100% used [0x00000000d5580000,0x00000000d5800000,0x00000000d5800000)
  from space 2560K, 100% used [0x00000000d5800000,0x00000000d5a80000,0x00000000d5a80000)
  to   space 5120K, 0% used [0x00000000d5d80000,0x00000000d5d80000,0x00000000d6280000)
 ParOldGen       total 325120K, used 325083K [0x0000000080000000, 0x0000000093d80000, 0x00000000d5580000)
  object space 325120K, 99% used [0x0000000080000000,0x0000000093d76d98,0x0000000093d80000)
 Metaspace       used 78909K, committed 80192K, reserved 1179648K
  class space    used 8243K, committed 8832K, reserved 1048576K
}
Event: 37529.842 GC heap after
{Heap after GC invocations=997 (full 4):
 PSYoungGen      total 4608K, used 1268K [0x00000000d5580000, 0x00000000d5f00000, 0x0000000100000000)
  eden space 3072K, 0% used [0x00000000d5580000,0x00000000d5580000,0x00000000d5880000)
  from space 1536K, 82% used [0x00000000d5d80000,0x00000000d5ebd200,0x00000000d5f00000)
  to   space 2560K, 0% used [0x00000000d5a00000,0x00000000d5a00000,0x00000000d5c80000)
 ParOldGen       total 327680K, used 327619K [0x0000000080000000, 0x0000000094000000, 0x00000000d5580000)
  object space 327680K, 99% used [0x0000000080000000,0x0000000093ff0d98,0x0000000094000000)
 Metaspace       used 78909K, committed 80192K, reserved 1179648K
  class space    used 8243K, committed 8832K, reserved 1048576K
}

Dll operation events (12 events):
Event: 0.030 Loaded shared library c:\Users\sowja\.vscode\extensions\redhat.java-1.45.0-win32-x64\jre\21.0.8-win32-x86_64\bin\java.dll
Event: 0.171 Loaded shared library c:\Users\sowja\.vscode\extensions\redhat.java-1.45.0-win32-x64\jre\21.0.8-win32-x86_64\bin\zip.dll
Event: 0.207 Loaded shared library C:\Users\sowja\.vscode\extensions\redhat.java-1.45.0-win32-x64\jre\21.0.8-win32-x86_64\bin\instrument.dll
Event: 0.219 Loaded shared library C:\Users\sowja\.vscode\extensions\redhat.java-1.45.0-win32-x64\jre\21.0.8-win32-x86_64\bin\net.dll
Event: 0.224 Loaded shared library C:\Users\sowja\.vscode\extensions\redhat.java-1.45.0-win32-x64\jre\21.0.8-win32-x86_64\bin\nio.dll
Event: 0.230 Loaded shared library C:\Users\sowja\.vscode\extensions\redhat.java-1.45.0-win32-x64\jre\21.0.8-win32-x86_64\bin\zip.dll
Event: 0.283 Loaded shared library C:\Users\sowja\.vscode\extensions\redhat.java-1.45.0-win32-x64\jre\21.0.8-win32-x86_64\bin\jimage.dll
Event: 0.674 Loaded shared library c:\Users\sowja\.vscode\extensions\redhat.java-1.45.0-win32-x64\jre\21.0.8-win32-x86_64\bin\verify.dll
Event: 16.107 Loaded shared library C:\Users\sowja\AppData\Roaming\Code\User\globalStorage\redhat.java\1.45.0\config_win\org.eclipse.equinox.launcher\org.eclipse.equinox.launcher.win32.win32.x86_64_1.2.1400.v20250801-0854\eclipse_11916.dll
Event: 33.391 Loaded shared library C:\Users\sowja\AppData\Local\Temp\jna-109629458\jna5634341652651130.dll
Event: 37.310 Loaded shared library C:\Users\sowja\.vscode\extensions\redhat.java-1.45.0-win32-x64\jre\21.0.8-win32-x86_64\bin\sunmscapi.dll
Event: 37.953 Loaded shared library C:\Users\sowja\.vscode\extensions\redhat.java-1.45.0-win32-x64\jre\21.0.8-win32-x86_64\bin\extnet.dll

Deoptimization events (20 events):
Event: 17775.253 Thread 0x0000027491c07140 Uncommon trap: trap_request=0xffffffbe fr.pc=0x000002743c77d51c relative=0x00000000000012dc
Event: 17775.253 Thread 0x0000027491c07140 Uncommon trap: reason=profile_predicate action=maybe_recompile pc=0x000002743c77d51c method=org.eclipse.jdt.internal.compiler.lookup.SplitPackageBinding.combineWithSiblings(Lorg/eclipse/jdt/internal/compiler/lookup/PackageBinding;[CLorg/eclipse/jdt/intern
Event: 17775.253 Thread 0x0000027491c07140 DEOPT PACKING pc=0x000002743c77d51c sp=0x000000f6a9dfdc90
Event: 17775.253 Thread 0x0000027491c07140 DEOPT UNPACKING pc=0x000002743b523aa2 sp=0x000000f6a9dfdc58 mode 2
Event: 17775.256 Thread 0x0000027491c07140 Uncommon trap: trap_request=0xffffffbe fr.pc=0x000002743c77d51c relative=0x00000000000012dc
Event: 17775.256 Thread 0x0000027491c07140 Uncommon trap: reason=profile_predicate action=maybe_recompile pc=0x000002743c77d51c method=org.eclipse.jdt.internal.compiler.lookup.SplitPackageBinding.combineWithSiblings(Lorg/eclipse/jdt/internal/compiler/lookup/PackageBinding;[CLorg/eclipse/jdt/intern
Event: 17775.256 Thread 0x0000027491c07140 DEOPT PACKING pc=0x000002743c77d51c sp=0x000000f6a9dfdb30
Event: 17775.260 Thread 0x0000027491c07140 DEOPT UNPACKING pc=0x000002743b523aa2 sp=0x000000f6a9dfdaf8 mode 2
Event: 17775.261 Thread 0x0000027491c07140 Uncommon trap: trap_request=0xffffffbe fr.pc=0x000002743c77d51c relative=0x00000000000012dc
Event: 17775.261 Thread 0x0000027491c07140 Uncommon trap: reason=profile_predicate action=maybe_recompile pc=0x000002743c77d51c method=org.eclipse.jdt.internal.compiler.lookup.SplitPackageBinding.combineWithSiblings(Lorg/eclipse/jdt/internal/compiler/lookup/PackageBinding;[CLorg/eclipse/jdt/intern
Event: 17775.261 Thread 0x0000027491c07140 DEOPT PACKING pc=0x000002743c77d51c sp=0x000000f6a9dfdb30
Event: 17775.262 Thread 0x0000027491c07140 DEOPT UNPACKING pc=0x000002743b523aa2 sp=0x000000f6a9dfdaf8 mode 2
Event: 17775.262 Thread 0x0000027491c07140 Uncommon trap: trap_request=0xffffffbe fr.pc=0x000002743c77d51c relative=0x00000000000012dc
Event: 17775.262 Thread 0x0000027491c07140 Uncommon trap: reason=profile_predicate action=maybe_recompile pc=0x000002743c77d51c method=org.eclipse.jdt.internal.compiler.lookup.SplitPackageBinding.combineWithSiblings(Lorg/eclipse/jdt/internal/compiler/lookup/PackageBinding;[CLorg/eclipse/jdt/intern
Event: 17775.262 Thread 0x0000027491c07140 DEOPT PACKING pc=0x000002743c77d51c sp=0x000000f6a9dfdb30
Event: 17775.262 Thread 0x0000027491c07140 DEOPT UNPACKING pc=0x000002743b523aa2 sp=0x000000f6a9dfdaf8 mode 2
Event: 37529.310 Thread 0x0000027489c5c0f0 Uncommon trap: trap_request=0xffffffcc fr.pc=0x000002743c78c1bc relative=0x000000000000713c
Event: 37529.311 Thread 0x0000027489c5c0f0 Uncommon trap: reason=intrinsic_or_type_checked_inlining action=make_not_entrant pc=0x000002743c78c1bc method=org.eclipse.jdt.internal.compiler.lookup.BoundSet.incorporate(Lorg/eclipse/jdt/internal/compiler/lookup/InferenceContext18;[Lorg/eclipse/jdt/inte
Event: 37529.311 Thread 0x0000027489c5c0f0 DEOPT PACKING pc=0x000002743c78c1bc sp=0x000000f6a92fd1b0
Event: 37529.314 Thread 0x0000027489c5c0f0 DEOPT UNPACKING pc=0x000002743b523aa2 sp=0x000000f6a92fd188 mode 2

Classes loaded (20 events):
Event: 16103.128 Loading class java/io/CharArrayReader
Event: 16103.129 Loading class java/io/CharArrayReader done
Event: 16103.129 Loading class java/util/regex/Pattern$Bound
Event: 16103.129 Loading class java/util/regex/Pattern$Bound done
Event: 17040.252 Loading class jdk/internal/ref/CleanerImpl$InnocuousThreadFactory
Event: 17040.255 Loading class jdk/internal/ref/CleanerImpl$InnocuousThreadFactory done
Event: 17190.754 Loading class java/util/Spliterators$IntArraySpliterator
Event: 17190.757 Loading class java/util/Spliterators$IntArraySpliterator done
Event: 17198.940 Loading class java/util/stream/ReduceOps$5
Event: 17198.944 Loading class java/util/stream/ReduceOps$5 done
Event: 17198.945 Loading class java/util/stream/ReduceOps$CountingSink$OfRef
Event: 17198.946 Loading class java/util/stream/ReduceOps$CountingSink
Event: 17198.947 Loading class java/util/stream/ReduceOps$CountingSink done
Event: 17198.947 Loading class java/util/stream/ReduceOps$CountingSink$OfRef done
Event: 17763.619 Loading class jdk/internal/icu/text/NormalizerBase$NFCModeImpl
Event: 17763.632 Loading class jdk/internal/icu/text/NormalizerBase$NFCModeImpl done
Event: 17763.636 Loading class jdk/internal/icu/impl/Norm2AllModes$NFCSingleton
Event: 17763.648 Loading class jdk/internal/icu/impl/Norm2AllModes$NFCSingleton done
Event: 17763.684 Loading class java/nio/StringCharBuffer
Event: 17763.691 Loading class java/nio/StringCharBuffer done

Classes unloaded (20 events):
Event: 16889.895 Thread 0x0000027430e57200 Unloading class 0x0000027449017400 'java/lang/invoke/LambdaForm$MH+0x0000027449017400'
Event: 16889.895 Thread 0x0000027430e57200 Unloading class 0x0000027449016400 'java/lang/invoke/LambdaForm$MH+0x0000027449016400'
Event: 16889.895 Thread 0x0000027430e57200 Unloading class 0x000002744900d800 'java/lang/invoke/LambdaForm$MH+0x000002744900d800'
Event: 16889.895 Thread 0x0000027430e57200 Unloading class 0x000002744900d400 'java/lang/invoke/LambdaForm$MH+0x000002744900d400'
Event: 16889.895 Thread 0x0000027430e57200 Unloading class 0x000002744900d000 'java/lang/invoke/LambdaForm$MH+0x000002744900d000'
Event: 16889.895 Thread 0x0000027430e57200 Unloading class 0x000002744900cc00 'java/lang/invoke/LambdaForm$MH+0x000002744900cc00'
Event: 16889.895 Thread 0x0000027430e57200 Unloading class 0x000002744900c800 'java/lang/invoke/LambdaForm$BMH+0x000002744900c800'
Event: 16889.895 Thread 0x0000027430e57200 Unloading class 0x000002744900c000 'java/lang/invoke/LambdaForm$DMH+0x000002744900c000'
Event: 16889.895 Thread 0x0000027430e57200 Unloading class 0x0000027449008c00 'java/lang/invoke/LambdaForm$MH+0x0000027449008c00'
Event: 16889.895 Thread 0x0000027430e57200 Unloading class 0x0000027449008800 'java/lang/invoke/LambdaForm$MH+0x0000027449008800'
Event: 16889.895 Thread 0x0000027430e57200 Unloading class 0x0000027449008400 'java/lang/invoke/LambdaForm$MH+0x0000027449008400'
Event: 16889.895 Thread 0x0000027430e57200 Unloading class 0x0000027449007000 'java/lang/invoke/LambdaForm$MH+0x0000027449007000'
Event: 16889.895 Thread 0x0000027430e57200 Unloading class 0x0000027449006800 'java/lang/invoke/LambdaForm$MH+0x0000027449006800'
Event: 16889.895 Thread 0x0000027430e57200 Unloading class 0x0000027449006400 'java/lang/invoke/LambdaForm$MH+0x0000027449006400'
Event: 16889.895 Thread 0x0000027430e57200 Unloading class 0x0000027449006000 'java/lang/invoke/LambdaForm$MH+0x0000027449006000'
Event: 16889.895 Thread 0x0000027430e57200 Unloading class 0x0000027449005c00 'java/lang/invoke/LambdaForm$BMH+0x0000027449005c00'
Event: 16889.895 Thread 0x0000027430e57200 Unloading class 0x0000027449004800 'java/lang/invoke/LambdaForm$DMH+0x0000027449004800'
Event: 16889.895 Thread 0x0000027430e57200 Unloading class 0x0000027449002400 'java/lang/invoke/LambdaForm$MH+0x0000027449002400'
Event: 16889.895 Thread 0x0000027430e57200 Unloading class 0x0000027449002000 'java/lang/invoke/LambdaForm$MH+0x0000027449002000'
Event: 16889.895 Thread 0x0000027430e57200 Unloading class 0x0000027449001800 'java/lang/invoke/LambdaForm$MH+0x0000027449001800'

Classes redefined (0 events):
No events

Internal exceptions (20 events):
Event: 17195.399 Thread 0x0000027491c04350 Exception <a 'java/lang/ArrayIndexOutOfBoundsException'{0x00000000d573dd48}: Index 2079 out of bounds for length 2079> (0x00000000d573dd48) 
thrown [s\src\hotspot\share\interpreter\interpreterRuntime.cpp, line 439]
Event: 17195.399 Thread 0x0000027491c04350 Exception <a 'java/lang/ArrayIndexOutOfBoundsException'{0x00000000d573e8a8}: Index 2079 out of bounds for length 2079> (0x00000000d573e8a8) 
thrown [s\src\hotspot\share\interpreter\interpreterRuntime.cpp, line 439]
Event: 17195.399 Thread 0x0000027491c04350 Exception <a 'java/lang/ArrayIndexOutOfBoundsException'{0x00000000d573ee80}: Index 2080 out of bounds for length 2079> (0x00000000d573ee80) 
thrown [s\src\hotspot\share\interpreter\interpreterRuntime.cpp, line 439]
Event: 17195.399 Thread 0x0000027491c04350 Exception <a 'java/lang/ArrayIndexOutOfBoundsException'{0x00000000d573f4d0}: Index 2079 out of bounds for length 2079> (0x00000000d573f4d0) 
thrown [s\src\hotspot\share\interpreter\interpreterRuntime.cpp, line 439]
Event: 17195.399 Thread 0x0000027491c04350 Exception <a 'java/lang/ArrayIndexOutOfBoundsException'{0x00000000d573f7f8}: Index 2079 out of bounds for length 2079> (0x00000000d573f7f8) 
thrown [s\src\hotspot\share\interpreter\interpreterRuntime.cpp, line 439]
Event: 17195.405 Thread 0x0000027491c04350 Exception <a 'java/lang/ArrayIndexOutOfBoundsException'{0x00000000d574e130}: Index 2079 out of bounds for length 2079> (0x00000000d574e130) 
thrown [s\src\hotspot\share\interpreter\interpreterRuntime.cpp, line 439]
Event: 17195.591 Thread 0x0000027491c04350 Exception <a 'java/lang/IncompatibleClassChangeError'{0x00000000d572c1a8}: Found class java.lang.Object, but interface was expected> (0x00000000d572c1a8) 
thrown [s\src\hotspot\share\interpreter\linkResolver.cpp, line 840]
Event: 17198.285 Thread 0x0000027491c04350 Exception <a 'java/lang/IncompatibleClassChangeError'{0x00000000d579b428}: Found class java.lang.Object, but interface was expected> (0x00000000d579b428) 
thrown [s\src\hotspot\share\interpreter\linkResolver.cpp, line 840]
Event: 17198.285 Thread 0x0000027491c04350 Exception <a 'java/lang/IncompatibleClassChangeError'{0x00000000d579d0f0}: Found class java.lang.Object, but interface was expected> (0x00000000d579d0f0) 
thrown [s\src\hotspot\share\interpreter\linkResolver.cpp, line 840]
Event: 17198.431 Thread 0x0000027489c061d0 Implicit null exception at 0x000002743c5fd196 to 0x000002743c601c78
Event: 17199.031 Thread 0x0000027489c061d0 Exception <a 'sun/nio/fs/WindowsException'{0x00000000d57f7c88}> (0x00000000d57f7c88) 
thrown [s\src\hotspot\share\prims\jni.cpp, line 520]
Event: 17283.485 Thread 0x0000027491c09f30 Implicit null exception at 0x000002743c2dde7d to 0x000002743c2de4e8
Event: 17498.846 Thread 0x0000027489c60920 Exception <a 'sun/nio/fs/WindowsException'{0x00000000d571d500}> (0x00000000d571d500) 
thrown [s\src\hotspot\share\prims\jni.cpp, line 520]
Event: 17498.847 Thread 0x0000027489c60920 Exception <a 'sun/nio/fs/WindowsException'{0x00000000d571de00}> (0x00000000d571de00) 
thrown [s\src\hotspot\share\prims\jni.cpp, line 520]
Event: 17763.759 Thread 0x0000027491c0b2e0 Exception <a 'java/lang/ClassNotFoundException'{0x00000000d57bcee8}: sun/net/www/protocol/jdt/Handler> (0x00000000d57bcee8) 
thrown [s\src\hotspot\share\classfile\systemDictionary.cpp, line 312]
Event: 17763.778 Thread 0x0000027491c0b2e0 Exception <a 'java/lang/ClassNotFoundException'{0x00000000d57c1480}: sun/net/www/protocol/eclipse-javadoc/Handler> (0x00000000d57c1480) 
thrown [s\src\hotspot\share\classfile\systemDictionary.cpp, line 312]
Event: 17763.779 Thread 0x0000027491c0b2e0 Exception <a 'java/lang/ClassNotFoundException'{0x00000000d57c4008}: sun/net/www/protocol/eclipse-javadoc/Handler> (0x00000000d57c4008) 
thrown [s\src\hotspot\share\classfile\systemDictionary.cpp, line 312]
Event: 17763.779 Thread 0x0000027491c0b2e0 Exception <a 'java/lang/ClassNotFoundException'{0x00000000d57c75b0}: sun/net/www/protocol/jdt/Handler> (0x00000000d57c75b0) 
thrown [s\src\hotspot\share\classfile\systemDictionary.cpp, line 312]
Event: 17811.350 Thread 0x0000027491c07140 Exception <a 'java/lang/ClassNotFoundException'{0x00000000d5749948}: sun/net/www/protocol/eclipse-javadoc/Handler> (0x00000000d5749948) 
thrown [s\src\hotspot\share\classfile\systemDictionary.cpp, line 312]
Event: 17811.355 Thread 0x0000027491c07140 Exception <a 'java/lang/ClassNotFoundException'{0x00000000d575c9b0}: sun/net/www/protocol/eclipse-javadoc/Handler> (0x00000000d575c9b0) 
thrown [s\src\hotspot\share\classfile\systemDictionary.cpp, line 312]

ZGC Phase Switch (0 events):
No events

VM Operations (20 events):
Event: 37527.427 Executing VM operation: ParallelGCFailedAllocation (Allocation Failure)
Event: 37527.689 Executing VM operation: ParallelGCFailedAllocation (Allocation Failure) done
Event: 37528.452 Executing VM operation: ParallelGCFailedAllocation (Allocation Failure)
Event: 37528.464 Executing VM operation: ParallelGCFailedAllocation (Allocation Failure) done
Event: 37528.774 Executing VM operation: ParallelGCFailedAllocation (Allocation Failure)
Event: 37528.782 Executing VM operation: ParallelGCFailedAllocation (Allocation Failure) done
Event: 37529.346 Executing VM operation: ParallelGCFailedAllocation (Allocation Failure)
Event: 37529.368 Executing VM operation: ParallelGCFailedAllocation (Allocation Failure) done
Event: 37529.649 Executing VM operation: ParallelGCFailedAllocation (Allocation Failure)
Event: 37529.658 Executing VM operation: ParallelGCFailedAllocation (Allocation Failure) done
Event: 37529.667 Executing VM operation: ParallelGCFailedAllocation (Allocation Failure)
Event: 37529.674 Executing VM operation: ParallelGCFailedAllocation (Allocation Failure) done
Event: 37529.683 Executing VM operation: ParallelGCFailedAllocation (Allocation Failure)
Event: 37529.689 Executing VM operation: ParallelGCFailedAllocation (Allocation Failure) done
Event: 37529.702 Executing VM operation: ParallelGCFailedAllocation (Allocation Failure)
Event: 37529.713 Executing VM operation: ParallelGCFailedAllocation (Allocation Failure) done
Event: 37529.807 Executing VM operation: ParallelGCFailedAllocation (Allocation Failure)
Event: 37529.842 Executing VM operation: ParallelGCFailedAllocation (Allocation Failure) done
Event: 37530.846 Executing VM operation: Cleanup
Event: 37530.846 Executing VM operation: Cleanup done

Memory protections (0 events):
No events

Nmethod flushes (20 events):
Event: 16890.487 Thread 0x0000027430e57200 flushing  nmethod 0x0000027435265210
Event: 16890.487 Thread 0x0000027430e57200 flushing  nmethod 0x0000027435269010
Event: 16890.487 Thread 0x0000027430e57200 flushing  nmethod 0x000002743526a090
Event: 16890.487 Thread 0x0000027430e57200 flushing  nmethod 0x000002743526ae90
Event: 16890.487 Thread 0x0000027430e57200 flushing  nmethod 0x000002743526ed90
Event: 16890.487 Thread 0x0000027430e57200 flushing  nmethod 0x000002743526f990
Event: 16890.487 Thread 0x0000027430e57200 flushing  nmethod 0x0000027435273690
Event: 16890.487 Thread 0x0000027430e57200 flushing  nmethod 0x0000027435275710
Event: 16890.487 Thread 0x0000027430e57200 flushing  nmethod 0x0000027435275b90
Event: 16890.487 Thread 0x0000027430e57200 flushing  nmethod 0x0000027435284410
Event: 16890.487 Thread 0x0000027430e57200 flushing osr nmethod 0x0000027435284f90
Event: 16890.487 Thread 0x0000027430e57200 flushing  nmethod 0x0000027435294890
Event: 16890.487 Thread 0x0000027430e57200 flushing  nmethod 0x00000274352a1090
Event: 16890.487 Thread 0x0000027430e57200 flushing  nmethod 0x00000274352ae910
Event: 16890.487 Thread 0x0000027430e57200 flushing  nmethod 0x00000274352af590
Event: 16890.487 Thread 0x0000027430e57200 flushing  nmethod 0x00000274352bdf10
Event: 16890.487 Thread 0x0000027430e57200 flushing  nmethod 0x00000274352d1810
Event: 16890.487 Thread 0x0000027430e57200 flushing  nmethod 0x00000274352d1e90
Event: 16890.487 Thread 0x0000027430e57200 flushing  nmethod 0x00000274352d2710
Event: 16890.487 Thread 0x0000027430e57200 flushing  nmethod 0x00000274352d2e90

Events (20 events):
Event: 17821.992 Thread 0x0000027491c07e60 Thread exited: 0x0000027491c07e60
Event: 17822.294 Thread 0x0000027491c084f0 Thread exited: 0x0000027491c084f0
Event: 17873.189 Thread 0x0000027491c07140 Thread exited: 0x0000027491c07140
Event: 17933.191 Thread 0x0000027489c5fc00 Thread exited: 0x0000027489c5fc00
Event: 17993.206 Thread 0x0000027491c0b2e0 Thread exited: 0x0000027491c0b2e0
Event: 18053.210 Thread 0x0000027489c62360 Thread exited: 0x0000027489c62360
Event: 18113.220 Thread 0x0000027489c5db30 Thread exited: 0x0000027489c5db30
Event: 18173.230 Thread 0x0000027489c60290 Thread exited: 0x0000027489c60290
Event: 18233.235 Thread 0x0000027491c09210 Thread exited: 0x0000027491c09210
Event: 18293.248 Thread 0x0000027491c0a5c0 Thread exited: 0x0000027491c0a5c0
Event: 18356.349 Thread 0x0000027491c09f30 Thread exited: 0x0000027491c09f30
Event: 18373.021 Thread 0x0000027491c04350 Thread added: 0x0000027489c5f570
Event: 18490.928 Thread 0x0000027489c5f570 Thread exited: 0x0000027489c5f570
Event: 37527.271 Thread 0x0000027491c04350 Thread added: 0x0000027489c5f570
Event: 37527.302 Thread 0x0000027491c04350 Thread added: 0x0000027489c5c0f0
Event: 37527.701 Thread 0x0000027491c04350 Thread added: 0x0000027489c5c780
Event: 37527.850 Thread 0x0000027489c5c0f0 Thread added: 0x0000027489c5e850
Event: 37529.745 Thread 0x0000027489c5f570 Thread added: 0x0000027489c5fc00
Event: 37529.747 Thread 0x0000027489c5c0f0 Thread added: 0x0000027489c60290
Event: 37529.749 Thread 0x0000027489c5fc00 Thread added: 0x0000027489c5db30


Dynamic libraries:
0x00007ff726c20000 - 0x00007ff726c2e000 	c:\Users\sowja\.vscode\extensions\redhat.java-1.45.0-win32-x64\jre\21.0.8-win32-x86_64\bin\java.exe
0x00007ffc980e0000 - 0x00007ffc98347000 	C:\WINDOWS\SYSTEM32\ntdll.dll
0x00007ffc96b80000 - 0x00007ffc96c49000 	C:\WINDOWS\System32\KERNEL32.DLL
0x00007ffc95660000 - 0x00007ffc95a50000 	C:\WINDOWS\System32\KERNELBASE.dll
0x00007ffc91d20000 - 0x00007ffc91dbe000 	C:\WINDOWS\SYSTEM32\apphelp.dll
0x00007ffc95be0000 - 0x00007ffc95d2b000 	C:\WINDOWS\System32\ucrtbase.dll
0x00007ffc91d00000 - 0x00007ffc91d18000 	c:\Users\sowja\.vscode\extensions\redhat.java-1.45.0-win32-x64\jre\21.0.8-win32-x86_64\bin\jli.dll
0x00007ffc7c8f0000 - 0x00007ffc7c90e000 	c:\Users\sowja\.vscode\extensions\redhat.java-1.45.0-win32-x64\jre\21.0.8-win32-x86_64\bin\VCRUNTIME140.dll
0x00007ffc96c80000 - 0x00007ffc96e45000 	C:\WINDOWS\System32\USER32.dll
0x00007ffc79f30000 - 0x00007ffc7a1ca000 	C:\WINDOWS\WinSxS\amd64_microsoft.windows.common-controls_6595b64144ccf1df_6.0.26100.4768_none_3e0c112ce331287c\COMCTL32.dll
0x00007ffc95bb0000 - 0x00007ffc95bd7000 	C:\WINDOWS\System32\win32u.dll
0x00007ffc97ff0000 - 0x00007ffc98099000 	C:\WINDOWS\System32\msvcrt.dll
0x00007ffc97e00000 - 0x00007ffc97e2b000 	C:\WINDOWS\System32\GDI32.dll
0x00007ffc95d30000 - 0x00007ffc95e68000 	C:\WINDOWS\System32\gdi32full.dll
0x00007ffc95a60000 - 0x00007ffc95b03000 	C:\WINDOWS\System32\msvcp_win.dll
0x00007ffc96f10000 - 0x00007ffc96f3f000 	C:\WINDOWS\System32\IMM32.DLL
0x00007ffc91cf0000 - 0x00007ffc91cfc000 	c:\Users\sowja\.vscode\extensions\redhat.java-1.45.0-win32-x64\jre\21.0.8-win32-x86_64\bin\vcruntime140_1.dll
0x00007ffc7a890000 - 0x00007ffc7a91d000 	c:\Users\sowja\.vscode\extensions\redhat.java-1.45.0-win32-x64\jre\21.0.8-win32-x86_64\bin\msvcp140.dll
0x00007ffc067e0000 - 0x00007ffc07577000 	c:\Users\sowja\.vscode\extensions\redhat.java-1.45.0-win32-x64\jre\21.0.8-win32-x86_64\bin\server\jvm.dll
0x00007ffc97d40000 - 0x00007ffc97df4000 	C:\WINDOWS\System32\ADVAPI32.dll
0x00007ffc97a20000 - 0x00007ffc97ac6000 	C:\WINDOWS\System32\sechost.dll
0x00007ffc97c20000 - 0x00007ffc97d38000 	C:\WINDOWS\System32\RPCRT4.dll
0x00007ffc96720000 - 0x00007ffc96794000 	C:\WINDOWS\System32\WS2_32.dll
0x00007ffc950c0000 - 0x00007ffc9511e000 	C:\WINDOWS\SYSTEM32\POWRPROF.dll
0x00007ffc7b690000 - 0x00007ffc7b69b000 	C:\WINDOWS\SYSTEM32\VERSION.dll
0x00007ffc8f9a0000 - 0x00007ffc8f9d5000 	C:\WINDOWS\SYSTEM32\WINMM.dll
0x00007ffc95070000 - 0x00007ffc95084000 	C:\WINDOWS\SYSTEM32\UMPDC.dll
0x00007ffc93f90000 - 0x00007ffc93fab000 	C:\WINDOWS\SYSTEM32\kernel.appcore.dll
0x00007ffc91c30000 - 0x00007ffc91c3a000 	c:\Users\sowja\.vscode\extensions\redhat.java-1.45.0-win32-x64\jre\21.0.8-win32-x86_64\bin\jimage.dll
0x00007ffc92820000 - 0x00007ffc92a61000 	C:\WINDOWS\SYSTEM32\DBGHELP.DLL
0x00007ffc97100000 - 0x00007ffc97485000 	C:\WINDOWS\System32\combase.dll
0x00007ffc97b30000 - 0x00007ffc97c10000 	C:\WINDOWS\System32\OLEAUT32.dll
0x00007ffc73750000 - 0x00007ffc73793000 	C:\WINDOWS\SYSTEM32\dbgcore.DLL
0x00007ffc95b10000 - 0x00007ffc95ba9000 	C:\WINDOWS\System32\bcryptPrimitives.dll
0x00007ffc8f650000 - 0x00007ffc8f65f000 	c:\Users\sowja\.vscode\extensions\redhat.java-1.45.0-win32-x64\jre\21.0.8-win32-x86_64\bin\instrument.dll
0x00007ffc7c8b0000 - 0x00007ffc7c8cf000 	c:\Users\sowja\.vscode\extensions\redhat.java-1.45.0-win32-x64\jre\21.0.8-win32-x86_64\bin\java.dll
0x00007ffc95f30000 - 0x00007ffc9667d000 	C:\WINDOWS\System32\SHELL32.dll
0x00007ffc95360000 - 0x00007ffc954d3000 	C:\WINDOWS\System32\wintypes.dll
0x00007ffc92dc0000 - 0x00007ffc93620000 	C:\WINDOWS\SYSTEM32\windows.storage.dll
0x00007ffc96a80000 - 0x00007ffc96b75000 	C:\WINDOWS\System32\SHCORE.dll
0x00007ffc96990000 - 0x00007ffc969fa000 	C:\WINDOWS\System32\shlwapi.dll
0x00007ffc95130000 - 0x00007ffc95159000 	C:\WINDOWS\SYSTEM32\profapi.dll
0x00007ffc7c760000 - 0x00007ffc7c778000 	c:\Users\sowja\.vscode\extensions\redhat.java-1.45.0-win32-x64\jre\21.0.8-win32-x86_64\bin\zip.dll
0x00007ffc8f740000 - 0x00007ffc8f750000 	C:\Users\sowja\.vscode\extensions\redhat.java-1.45.0-win32-x64\jre\21.0.8-win32-x86_64\bin\net.dll
0x00007ffc83110000 - 0x00007ffc8322e000 	C:\WINDOWS\SYSTEM32\WINHTTP.dll
0x00007ffc94520000 - 0x00007ffc9458b000 	C:\WINDOWS\system32\mswsock.dll
0x00007ffc7c1d0000 - 0x00007ffc7c1e6000 	C:\Users\sowja\.vscode\extensions\redhat.java-1.45.0-win32-x64\jre\21.0.8-win32-x86_64\bin\nio.dll
0x00007ffc7faf0000 - 0x00007ffc7fb00000 	c:\Users\sowja\.vscode\extensions\redhat.java-1.45.0-win32-x64\jre\21.0.8-win32-x86_64\bin\verify.dll
0x00007ffc7a840000 - 0x00007ffc7a884000 	C:\Users\sowja\AppData\Roaming\Code\User\globalStorage\redhat.java\1.45.0\config_win\org.eclipse.equinox.launcher\org.eclipse.equinox.launcher.win32.win32.x86_64_1.2.1400.v20250801-0854\eclipse_11916.dll
0x00007ffc96f50000 - 0x00007ffc970f0000 	C:\WINDOWS\System32\ole32.dll
0x00007ffc947e0000 - 0x00007ffc947fb000 	C:\WINDOWS\SYSTEM32\CRYPTSP.dll
0x00007ffc93ef0000 - 0x00007ffc93f2b000 	C:\WINDOWS\system32\rsaenh.dll
0x00007ffc945c0000 - 0x00007ffc945eb000 	C:\WINDOWS\SYSTEM32\USERENV.dll
0x00007ffc95090000 - 0x00007ffc950b6000 	C:\WINDOWS\SYSTEM32\bcrypt.dll
0x00007ffc94800000 - 0x00007ffc9480c000 	C:\WINDOWS\SYSTEM32\CRYPTBASE.dll
0x00007ffc939b0000 - 0x00007ffc939e3000 	C:\WINDOWS\SYSTEM32\IPHLPAPI.DLL
0x00007ffc96ee0000 - 0x00007ffc96eea000 	C:\WINDOWS\System32\NSI.dll
0x00007ffc740a0000 - 0x00007ffc740e9000 	C:\Users\sowja\AppData\Local\Temp\jna-109629458\jna5634341652651130.dll
0x00007ffc95f20000 - 0x00007ffc95f28000 	C:\WINDOWS\System32\PSAPI.DLL
0x00007ffc8d980000 - 0x00007ffc8d99f000 	C:\WINDOWS\SYSTEM32\dhcpcsvc6.DLL
0x00007ffc8d7f0000 - 0x00007ffc8d815000 	C:\WINDOWS\SYSTEM32\dhcpcsvc.DLL
0x00007ffc7c4f0000 - 0x00007ffc7c4fe000 	C:\Users\sowja\.vscode\extensions\redhat.java-1.45.0-win32-x64\jre\21.0.8-win32-x86_64\bin\sunmscapi.dll
0x00007ffc954e0000 - 0x00007ffc95657000 	C:\WINDOWS\System32\CRYPT32.dll
0x00007ffc94a00000 - 0x00007ffc94a30000 	C:\WINDOWS\SYSTEM32\ncrypt.dll
0x00007ffc949b0000 - 0x00007ffc949ef000 	C:\WINDOWS\SYSTEM32\NTASN1.dll
0x00007ffc93a50000 - 0x00007ffc93b76000 	C:\WINDOWS\SYSTEM32\DNSAPI.dll
0x00007ffc898e0000 - 0x00007ffc898eb000 	C:\Windows\System32\rasadhlp.dll
0x00007ffc8de60000 - 0x00007ffc8dee6000 	C:\WINDOWS\System32\fwpuclnt.dll
0x00007ffc7c130000 - 0x00007ffc7c139000 	C:\Users\sowja\.vscode\extensions\redhat.java-1.45.0-win32-x64\jre\21.0.8-win32-x86_64\bin\extnet.dll

JVMTI agents:
c:\Users\sowja\.vscode\extensions\redhat.java-1.45.0-win32-x64\lombok\lombok-1.18.39-4050.jar path:c:\Users\sowja\.vscode\extensions\redhat.java-1.45.0-win32-x64\jre\21.0.8-win32-x86_64\bin\instrument.dll, loaded, initialized, instrumentlib options:none

dbghelp: loaded successfully - version: 4.0.5 - missing functions: none
symbol engine: initialized successfully - sym options: 0x614 - pdb path: .;c:\Users\sowja\.vscode\extensions\redhat.java-1.45.0-win32-x64\jre\21.0.8-win32-x86_64\bin;C:\WINDOWS\SYSTEM32;C:\WINDOWS\WinSxS\amd64_microsoft.windows.common-controls_6595b64144ccf1df_6.0.26100.4768_none_3e0c112ce331287c;c:\Users\sowja\.vscode\extensions\redhat.java-1.45.0-win32-x64\jre\21.0.8-win32-x86_64\bin\server;C:\Users\sowja\AppData\Roaming\Code\User\globalStorage\redhat.java\1.45.0\config_win\org.eclipse.equinox.launcher\org.eclipse.equinox.launcher.win32.win32.x86_64_1.2.1400.v20250801-0854;C:\Users\sowja\AppData\Local\Temp\jna-109629458

VM Arguments:
jvm_args: --add-modules=ALL-SYSTEM --add-opens=java.base/java.util=ALL-UNNAMED --add-opens=java.base/java.lang=ALL-UNNAMED --add-opens=java.base/sun.nio.fs=ALL-UNNAMED -Declipse.application=org.eclipse.jdt.ls.core.id1 -Dosgi.bundles.defaultStartLevel=4 -Declipse.product=org.eclipse.jdt.ls.core.product -Djava.import.generatesMetadataFilesAtProjectRoot=false -DDetectVMInstallationsJob.disabled=true -Dfile.encoding=utf8 -XX:+UseParallelGC -XX:GCTimeRatio=4 -XX:AdaptiveSizePolicyWeight=90 -Dsun.zip.disableMemoryMapping=true -Xmx2G -Xms100m -Xlog:disable -javaagent:c:\Users\sowja\.vscode\extensions\redhat.java-1.45.0-win32-x64\lombok\lombok-1.18.39-4050.jar -XX:+HeapDumpOnOutOfMemoryError -XX:HeapDumpPath=c:\Users\sowja\AppData\Roaming\Code\User\workspaceStorage\2a18be379f830ded560256d7a067864d\redhat.java -Daether.dependencyCollector.impl=bf 
java_command: c:\Users\sowja\.vscode\extensions\redhat.java-1.45.0-win32-x64\server\plugins\org.eclipse.equinox.launcher_1.7.0.v20250519-0528.jar -configuration c:\Users\sowja\AppData\Roaming\Code\User\globalStorage\redhat.java\1.45.0\config_win -data c:\Users\sowja\AppData\Roaming\Code\User\workspaceStorage\2a18be379f830ded560256d7a067864d\redhat.java\jdt_ws --pipe=\\.\pipe\lsp-ecc4e336a128dbe718e065f8e8e2dd69-sock
java_class_path (initial): c:\Users\sowja\.vscode\extensions\redhat.java-1.45.0-win32-x64\server\plugins\org.eclipse.equinox.launcher_1.7.0.v20250519-0528.jar
Launcher Type: SUN_STANDARD

[Global flags]
    uintx AdaptiveSizePolicyWeight                 = 90                                        {product} {command line}
     intx CICompilerCount                          = 4                                         {product} {ergonomic}
    uintx GCTimeRatio                              = 4                                         {product} {command line}
     bool HeapDumpOnOutOfMemoryError               = true                                   {manageable} {command line}
    ccstr HeapDumpPath                             = c:\Users\sowja\AppData\Roaming\Code\User\workspaceStorage\2a18be379f830ded560256d7a067864d\redhat.java         {manageable} {command line}
   size_t InitialHeapSize                          = 104857600                                 {product} {command line}
   size_t MaxHeapSize                              = 2147483648                                {product} {command line}
   size_t MaxNewSize                               = 715653120                                 {product} {ergonomic}
   size_t MinHeapDeltaBytes                        = 524288                                    {product} {ergonomic}
   size_t MinHeapSize                              = 104857600                                 {product} {command line}
   size_t NewSize                                  = 34603008                                  {product} {ergonomic}
    uintx NonNMethodCodeHeapSize                   = 5839372                                {pd product} {ergonomic}
    uintx NonProfiledCodeHeapSize                  = 122909434                              {pd product} {ergonomic}
   size_t OldSize                                  = 70254592                                  {product} {ergonomic}
    uintx ProfiledCodeHeapSize                     = 122909434                              {pd product} {ergonomic}
    uintx ReservedCodeCacheSize                    = 251658240                              {pd product} {ergonomic}
     bool SegmentedCodeCache                       = true                                      {product} {ergonomic}
   size_t SoftMaxHeapSize                          = 2147483648                             {manageable} {ergonomic}
     bool UseCompressedOops                        = true                           {product lp64_product} {ergonomic}
     bool UseLargePagesIndividualAllocation        = false                                  {pd product} {ergonomic}
     bool UseParallelGC                            = true                                      {product} {command line}

Logging:
Log output configuration:
 #0: stdout all=off uptime,level,tags foldmultilines=false
 #1: stderr all=off uptime,level,tags foldmultilines=false

Environment Variables:
JAVA_HOME=C:\Program Files\Java\jdk-21
PATH=C:\Program Files\Common Files\Oracle\Java\javapath;C:\Program Files\Microsoft MPI\Bin\;C:\WINDOWS\system32;C:\WINDOWS;C:\WINDOWS\System32\Wbem;C:\WINDOWS\System32\WindowsPowerShell\v1.0\;C:\WINDOWS\System32\OpenSSH\;C:\Program Files\dotnet\;C:\Program Files\Microsoft SQL Server\Client SDK\ODBC\170\Tools\Binn\;C:\Program Files (x86)\Microsoft SQL Server\160\DTS\Binn\;C:\Program Files (x86)\Microsoft SQL Server\160\Tools\Binn\;C:\Program Files\Microsoft SQL Server\160\Tools\Binn\;C:\Program Files\Microsoft SQL Server\160\DTS\Binn\;C:\Program Files\nodejs\;C:\Program Files\Git\cmd;C:\gradle\gradle-9.0.0\bin;C:\Users\sowja\AppData\Local\Programs\Python\Python313\Scripts\;C:\Users\sowja\AppData\Local\Programs\Python\Python313\;C:\Users\sowja\AppData\Local\Programs\Python\Launcher\;C:\Users\sowja\AppData\Local\Microsoft\WindowsApps;C:\Users\sowja\AppData\Roaming\npm;C:\Users\sowja\AppData\Local\Programs\Microsoft VS Code\bin;C:\Program Files\JetBrains\IntelliJ IDEA Community Edition 2025.1.4.1\bin;
USERNAME=sowja
OS=Windows_NT
PROCESSOR_IDENTIFIER=Intel64 Family 6 Model 154 Stepping 4, GenuineIntel
TMP=C:\Users\sowja\AppData\Local\Temp
TEMP=C:\Users\sowja\AppData\Local\Temp




Periodic native trim disabled

---------------  S Y S T E M  ---------------

OS:
 Windows 11 , 64 bit Build 26100 (10.0.26100.4768)
OS uptime: 16 days 9:03 hours
Hyper-V role detected

CPU: total 12 (initial active 12) (6 cores per cpu, 2 threads per core) family 6 model 154 stepping 4 microcode 0x437, cx8, cmov, fxsr, ht, mmx, 3dnowpref, sse, sse2, sse3, ssse3, sse4.1, sse4.2, popcnt, lzcnt, tsc, tscinvbit, avx, avx2, aes, erms, clmul, bmi1, bmi2, adx, sha, fma, vzeroupper, clflush, clflushopt, clwb, hv, serialize, rdtscp, rdpid, fsrm, f16c, cet_ibt, cet_ss
Processor Information for the first 12 processors :
  Max Mhz: 1300, Current Mhz: 1300, Mhz Limit: 1300

Memory: 4k page, system-wide physical 7876M (169M free)
TotalPageFile size 32452M (AvailPageFile size 0M)
current process WorkingSet (physical memory assigned to process): 143M, peak: 566M
current process commit charge ("private bytes"): 671M, peak: 789M

vm_info: OpenJDK 64-Bit Server VM (21.0.8+9-LTS) for windows-amd64 JRE (21.0.8+9-LTS), built on 2025-07-15T00:00:00Z by "admin" with MS VC++ 17.7 (VS2022)

END.
